<?xml version="1.0" encoding="UTF-8"?>
<testsuite name="test1" tests="1" skipped="0" failures="0" errors="0" timestamp="2021-08-02T01:06:18" hostname="MeiMBP.local" time="1.005">
  <properties/>
  <testcase name="testAppHasAGreeting" classname="test1" time="1.005"/>
  <system-out><![CDATA[]]></system-out>
  <system-err><![CDATA[]]></system-err>
</testsuite>
