<?xml version="1.0" encoding="UTF-8"?>
<testsuite name="test3" tests="1" skipped="0" failures="0" errors="0" timestamp="2021-08-02T01:06:19" hostname="MeiMBP.local" time="3.004">
  <properties/>
  <testcase name="testAppHasAGreeting" classname="test3" time="3.004"/>
  <system-out><![CDATA[]]></system-out>
  <system-err><![CDATA[]]></system-err>
</testsuite>
